OpenJDK 64-Bit Server VM warning: Option UseConcMarkSweepGC was deprecated in version 9.0 and will likely be removed in a future release.
2021-04-12 18:43:46,895 [   8449]   WARN - llij.ide.plugins.PluginManager - Problems found loading plugins:
  The Big Data Tools (id=com.intellij.bigdatatools, path=~/.local/share/JetBrains/IntelliJIdea2020.3/bigdatatools_for_intellij, version=0.4.79) plugin Plugin 'Big Data Tools' requires plugin 'com.intellij.javafx' to be installed 
2021-04-12 18:44:14,862 [  36416]   WARN - .diagnostic.PerformanceWatcher - UI was frozen for 17390ms, details saved to /home/slay/.cache/JetBrains/IntelliJIdea2020.3/log/threadDumps-freeze-20210412-184402-IU-203.7717.56-IdeMenuBar.updateMenuActions-17sec 
2021-04-12 18:44:36,666 [  58220]   WARN - tartup.impl.StartupManagerImpl - Activities registered via registerPostStartupActivity must be dumb-aware: org.jetbrains.plugins.scala.lang.psi.impl.toplevel.synthetic.SyntheticClassesListener$$Lambda$1686/0x00000001016a7840@16d48a97 
2021-04-12 18:44:47,590 [  69144]   WARN - .diagnostic.PerformanceWatcher - UI was frozen for 5153ms, details saved to /home/slay/.cache/JetBrains/IntelliJIdea2020.3/log/threadDumps-freeze-20210412-184447-IU-203.7717.56-RandomAccessFile.readBytes-5sec 
2021-04-12 18:45:00,862 [  82416]   WARN - .diagnostic.PerformanceWatcher - UI was frozen for 8956ms, details saved to /home/slay/.cache/JetBrains/IntelliJIdea2020.3/log/threadDumps-freeze-20210412-184456-IU-203.7717.56-RandomAccessFile.readBytes-8sec 
2021-04-12 18:56:42,003 [ 783557]   WARN - com.intellij.util.xmlb.Binding - no accessors for org.jetbrains.idea.perforce.perforce.ConnectionId 
2021-04-12 19:08:54,776 [1516330]   WARN - com.intellij.ide.IdeEventQueue - Too many mouse clicks (15)!!! 
2021-04-12 19:08:54,783 [1516337]   WARN - com.intellij.ide.IdeEventQueue - Too many mouse clicks (15)!!! 
2021-04-12 19:14:31,890 [1853444]   WARN - les.internal.ProfileFileReader - Ignoring profile 'plugins' on line 1 because it did not start with 'profile ' and it was not 'default'. 
2021-04-12 19:14:32,102 [1853656]   WARN - les.internal.ProfileFileReader - Ignoring profile 'plugins' on line 1 because it did not start with 'profile ' and it was not 'default'. 
2021-04-12 19:14:32,320 [1853874]   WARN - les.internal.ProfileFileReader - Ignoring profile 'plugins' on line 1 because it did not start with 'profile ' and it was not 'default'. 
2021-04-12 19:16:33,210 [1974764]   WARN - com.intellij.ide.IdeEventQueue - Too many mouse clicks (17)!!! 
2021-04-12 19:16:33,218 [1974772]   WARN - com.intellij.ide.IdeEventQueue - Too many mouse clicks (17)!!! 
OpenJDK 64-Bit Server VM warning: Option UseConcMarkSweepGC was deprecated in version 9.0 and will likely be removed in a future release.
2021-04-13 07:24:56,198 [   9837]   WARN - llij.ide.plugins.PluginManager - Problems found loading plugins:
  The Big Data Tools (id=com.intellij.bigdatatools, path=~/.local/share/JetBrains/IntelliJIdea2020.3/bigdatatools_for_intellij, version=0.4.79) plugin Plugin 'Big Data Tools' requires plugin 'com.intellij.javafx' to be installed 
2021-04-13 07:25:23,713 [  37352]   WARN - .diagnostic.PerformanceWatcher - UI was frozen for 16661ms, details saved to /home/slay/.cache/JetBrains/IntelliJIdea2020.3/log/threadDumps-freeze-20210413-072512-IU-203.7717.56-ProjectFrameHelper.init-16sec 
2021-04-13 07:25:45,916 [  59555]   WARN - tartup.impl.StartupManagerImpl - Activities registered via registerPostStartupActivity must be dumb-aware: org.jetbrains.plugins.scala.lang.psi.impl.toplevel.synthetic.SyntheticClassesListener$$Lambda$1684/0x0000000101621440@4793f1be 
2021-04-13 07:37:27,019 [ 760658]   WARN - .AbstractProgressIndicatorBase - This progress indicator is indeterminate, this may lead to visual inconsistency. Please call setIndeterminate(false) before you start progress.
com.intellij.openapi.vcs.impl.CodeSmellDetectorImpl.findCodeSmells(CodeSmellDetectorImpl.java:137) 
